<?xml version="1.0" encoding="UTF-8"?>
<!-- Generated by org.testng.reporters.JUnitReportReporter -->
<testsuite hostname="LAPTOP-ELHI772V" failures="0" tests="4" name="com.techninja.qa.testcases.Register" time="15.110" errors="0" timestamp="2025-02-03T16:20:47 IST" skipped="0">
  <testcase classname="com.techninja.qa.testcases.Register" name="verifyRegisterWithAllFields" time="4.691"/>
  <testcase classname="com.techninja.qa.testcases.Register" name="verifyLoginWithMandatoryFields" time="3.929"/>
  <testcase classname="com.techninja.qa.testcases.Register" name="verifyRegisterWithExistingEmail" time="3.438"/>
  <testcase classname="com.techninja.qa.testcases.Register" name="verifyRegisterWithoutFillAnyFields" time="3.052"/>
</testsuite> <!-- com.techninja.qa.testcases.Register -->
