<?xml version="1.0" encoding="UTF-8"?>
<!-- Generated by org.testng.reporters.JUnitReportReporter -->
<testsuite hostname="LAPTOP-ELHI772V" failures="0" tests="1" name="com.techninja.qa.testcases.AlertHandlingTest" time="0.078" errors="0" timestamp="2025-02-05T11:41:06 IST" skipped="0">
  <testcase classname="com.techninja.qa.testcases.AlertHandlingTest" name="handleSimpleAlert" time="0.078"/>
</testsuite> <!-- com.techninja.qa.testcases.AlertHandlingTest -->
