<?xml version="1.0" encoding="UTF-8"?>
<!-- Generated by org.testng.reporters.JUnitReportReporter -->
<testsuite hostname="LAPTOP-ELHI772V" failures="0" tests="1" name="com.techninja.qa.testcases.Login" time="7.836" errors="0" timestamp="2025-02-06T21:56:53 IST" skipped="0">
  <testcase classname="com.techninja.qa.testcases.Login" name="verifyLoginWithInvalidValidCredentilas" time="7.836"/>
</testsuite> <!-- com.techninja.qa.testcases.Login -->
