<?xml version="1.0" encoding="UTF-8"?>
<!-- Generated by org.testng.reporters.JUnitReportReporter -->
<testsuite hostname="LAPTOP-ELHI772V" failures="0" tests="3" name="com.techninja.qa.testcases.search" time="13.676" errors="0" timestamp="2025-01-31T11:51:39 IST" skipped="0">
  <testcase classname="com.techninja.qa.testcases.search" name="verifysearchWithValidProducts" time="5.384"/>
  <testcase classname="com.techninja.qa.testcases.search" name="verifysearchWithInValidProducts" time="3.682"/>
  <testcase classname="com.techninja.qa.testcases.search" name="VerifySearchWithoutAnyProcuct" time="4.610"/>
</testsuite> <!-- com.techninja.qa.testcases.search -->
