<?xml version="1.0" encoding="UTF-8"?>
<!-- Generated by org.testng.reporters.JUnitReportReporter -->
<testsuite hostname="LAPTOP-ELHI772V" failures="0" tests="1" name="day6.JSONSchemavalidation" time="1.681" errors="0" timestamp="2025-02-14T16:14:41 IST" skipped="0">
  <testcase classname="day6.JSONSchemavalidation" name="testjsonschemavalidation" time="1.681"/>
  <system-out/>
</testsuite> <!-- day6.JSONSchemavalidation -->
