<?xml version="1.0" encoding="UTF-8"?>
<!-- Generated by org.testng.reporters.JUnitReportReporter -->
<testsuite hostname="LAPTOP-ELHI772V" failures="0" tests="1" name="day4.ParsingJSONResponseData" time="0.942" errors="0" timestamp="2025-02-14T11:10:47 IST" skipped="0">
  <testcase classname="day4.ParsingJSONResponseData" name="testJSONResponseBodyData" time="0.942"/>
  <system-out/>
</testsuite> <!-- day4.ParsingJSONResponseData -->
