<?xml version="1.0" encoding="UTF-8"?>
<!-- Generated by org.testng.reporters.JUnitReportReporter -->
<testsuite hostname="LAPTOP-ELHI772V" failures="0" tests="1" name="day3.Pathandqueryparameters" time="0.982" errors="0" timestamp="2025-02-13T15:40:14 IST" skipped="0">
  <testcase classname="day3.Pathandqueryparameters" name="testPathandQueryparameters" time="0.982"/>
  <system-out/>
</testsuite> <!-- day3.Pathandqueryparameters -->
