<?xml version="1.0" encoding="UTF-8"?>
<!-- Generated by org.testng.reporters.JUnitReportReporter -->
<testsuite hostname="LAPTOP-ELHI772V" failures="0" tests="1" name="Day1.HTTPRequests" time="1.816" errors="0" timestamp="2025-02-14T10:09:27 IST" skipped="0">
  <testcase classname="Day1.HTTPRequests" name="getUsers" time="1.816"/>
  <system-out/>
</testsuite> <!-- Day1.HTTPRequests -->
