<?xml version="1.0" encoding="UTF-8"?>
<!-- Generated by org.testng.reporters.JUnitReportReporter -->
<testsuite hostname="LAPTOP-ELHI772V" failures="0" tests="1" name="Day2.waystocreatepostrequestbody" time="1.614" errors="0" timestamp="2025-02-13T14:57:40 IST" skipped="0">
  <testcase classname="Day2.waystocreatepostrequestbody" name="testPostUsingmultipledataExternalJsonFile" time="1.614"/>
  <system-out/>
</testsuite> <!-- Day2.waystocreatepostrequestbody -->
