<?xml version="1.0" encoding="UTF-8"?>
<!-- Generated by org.testng.reporters.JUnitReportReporter -->
<testsuite hostname="LAPTOP-ELHI772V" failures="0" tests="1" name="day3.Logging" time="1.171" errors="0" timestamp="2025-02-14T10:05:55 IST" skipped="0">
  <testcase classname="day3.Logging" name="logs" time="1.171"/>
  <system-out/>
</testsuite> <!-- day3.Logging -->
