<?xml version="1.0" encoding="UTF-8"?>
<!-- Generated by org.testng.reporters.JUnitReportReporter -->
<testsuite hostname="LAPTOP-ELHI772V" failures="0" tests="1" name="day6.SerilizationandDeserilization" time="0.229" errors="0" timestamp="2025-02-14T16:49:59 IST" skipped="0">
  <testcase classname="day6.SerilizationandDeserilization" name="convertjson2pojo" time="0.229"/>
  <system-out/>
</testsuite> <!-- day6.SerilizationandDeserilization -->
