<?xml version="1.0" encoding="UTF-8"?>
<!-- Generated by org.testng.reporters.JUnitReportReporter -->
<testsuite hostname="LAPTOP-ELHI772V" failures="0" tests="1" name="Day2.Waystocreateapostrequestbody" time="2.037" errors="0" timestamp="2025-02-12T16:39:05 IST" skipped="0">
  <testcase classname="Day2.Waystocreateapostrequestbody" name="testPostusingHashmap" time="2.037"/>
  <system-out/>
</testsuite> <!-- Day2.Waystocreateapostrequestbody -->
