<?xml version="1.0" encoding="UTF-8"?>
<!-- Generated by org.testng.reporters.JUnitReportReporter -->
<testsuite hostname="LAPTOP-ELHI772V" failures="0" tests="1" name="com.techninja.qa.testcases.Demologin" time="5.555" errors="0" timestamp="2025-01-31T09:44:11 IST" skipped="0">
  <testcase classname="com.techninja.qa.testcases.Demologin" name="verifyLoginWithValidCredentilas" time="5.555"/>
</testsuite> <!-- com.techninja.qa.testcases.Demologin -->
