<?xml version="1.0" encoding="UTF-8"?>
<!-- Generated by org.testng.reporters.JUnitReportReporter -->
<testsuite hostname="DESKTOP-O7C6MH5" failures="0" tests="2" name="day3.Headers" time="4.500" errors="0" timestamp="2025-01-30T17:25:29 IST" skipped="0">
  <testcase classname="day3.Headers" name="testHeadersDemo" time="3.904"/>
  <testcase classname="day3.Headers" name="getHeaders" time="0.596"/>
</testsuite> <!-- day3.Headers -->
