<?xml version="1.0" encoding="UTF-8"?>
<!-- Generated by org.testng.reporters.JUnitReportReporter -->
<testsuite hostname="LAPTOP-ELHI772V" failures="0" tests="1" name="First.HTTPRequests" time="2.299" errors="0" timestamp="2025-02-12T16:38:25 IST" skipped="0">
  <testcase classname="First.HTTPRequests" name="CreateUser" time="2.299"/>
  <system-out/>
</testsuite> <!-- First.HTTPRequests -->
