<?xml version="1.0" encoding="UTF-8"?>
<!-- Generated by org.testng.reporters.JUnitReportReporter -->
<testsuite hostname="LAPTOP-ELHI772V" failures="0" tests="1" name="day5.FileUploadandDownload" time="2.494" errors="0" timestamp="2025-02-14T15:57:06 IST" skipped="0">
  <testcase classname="day5.FileUploadandDownload" name="MultipleFileUpload" time="2.494"/>
  <system-out/>
</testsuite> <!-- day5.FileUploadandDownload -->
