<?xml version="1.0" encoding="UTF-8"?>
<!-- Generated by org.testng.reporters.JUnitReportReporter -->
<testsuite hostname="LAPTOP-ELHI772V" failures="0" tests="1" name="day5.ParsingXMLResponse" time="10.419" errors="0" timestamp="2025-02-14T15:19:54 IST" skipped="0">
  <testcase classname="day5.ParsingXMLResponse" name="testresponse" time="10.419"/>
  <system-out/>
</testsuite> <!-- day5.ParsingXMLResponse -->
