<?xml version="1.0" encoding="UTF-8"?>
<!-- Generated by org.testng.reporters.JUnitReportReporter -->
<testsuite hostname="LAPTOP-ELHI772V" failures="0" tests="1" name="day3.HeaderDemo" time="3.859" errors="0" timestamp="2025-02-14T09:56:02 IST" skipped="0">
  <testcase classname="day3.HeaderDemo" name="testGetHeaders" time="3.859"/>
  <system-out/>
</testsuite> <!-- day3.HeaderDemo -->
