<?xml version="1.0" encoding="UTF-8"?>
<!-- Generated by org.testng.reporters.JUnitReportReporter -->
<testsuite hostname="LAPTOP-ELHI772V" failures="0" tests="1" name="day3.Myclass" time="2.090" errors="0" timestamp="2025-02-14T10:07:09 IST" skipped="0">
  <testcase classname="day3.Myclass" name="testHeaders" time="2.090"/>
  <system-out/>
</testsuite> <!-- day3.Myclass -->
