<?xml version="1.0" encoding="UTF-8"?>
<!-- Generated by org.testng.reporters.JUnitReportReporter -->
<testsuite hostname="LAPTOP-ELHI772V" failures="0" tests="1" name="day3.CookiesDemo" time="1.715" errors="0" timestamp="2025-02-13T16:18:57 IST" skipped="0">
  <testcase classname="day3.CookiesDemo" name="getCookiesInfo" time="1.715"/>
  <system-out/>
</testsuite> <!-- day3.CookiesDemo -->
